C:\USERS\DAELETH\C++ WORKSPACE\HACKMASTER 3\HACKMASTER 3\RELEASE\.NETFRAMEWORK,VERSION=V4.0.ASSEMBLYATTRIBUTES.OBJ
C:\USERS\DAELETH\C++ WORKSPACE\HACKMASTER 3\HACKMASTER 3\RELEASE\APP.RES
C:\USERS\DAELETH\C++ WORKSPACE\HACKMASTER 3\HACKMASTER 3\RELEASE\ASSEMBLYINFO.OBJ
C:\Users\Daeleth\C++ workspace\Hackmaster 3\Hackmaster 3\Release\cl.command.1.tlog
C:\Users\Daeleth\C++ workspace\Hackmaster 3\Hackmaster 3\Release\CL.read.1.tlog
C:\Users\Daeleth\C++ workspace\Hackmaster 3\Hackmaster 3\Release\CL.write.1.tlog
C:\Users\Daeleth\C++ workspace\Hackmaster 3\Hackmaster 3\Release\GenerateResource.read.1.tlog
C:\Users\Daeleth\C++ workspace\Hackmaster 3\Hackmaster 3\Release\GenerateResource.write.1.tlog
C:\USERS\DAELETH\C++ WORKSPACE\HACKMASTER 3\HACKMASTER 3\RELEASE\HACKMASTER 3.EXE.INTERMEDIATE.MANIFEST
C:\Users\Daeleth\C++ workspace\Hackmaster 3\Hackmaster 3\Release\Hackmaster 3.obj
C:\USERS\DAELETH\C++ WORKSPACE\HACKMASTER 3\HACKMASTER 3\RELEASE\HACKMASTER 3.PCH
C:\Users\Daeleth\C++ workspace\Hackmaster 3\Hackmaster 3\Release\Hackmaster 3.write.1.tlog
C:\USERS\DAELETH\C++ WORKSPACE\HACKMASTER 3\HACKMASTER 3\RELEASE\HACKMASTER3.OUTPUT.RESOURCES
C:\USERS\DAELETH\C++ WORKSPACE\HACKMASTER 3\HACKMASTER 3\RELEASE\HACKMASTER3.RACE_SELECTION.RESOURCES
C:\USERS\DAELETH\C++ WORKSPACE\HACKMASTER 3\HACKMASTER 3\RELEASE\HACKMASTER3.STATROLLER.RESOURCES
C:\USERS\DAELETH\C++ WORKSPACE\HACKMASTER 3\HACKMASTER 3\RELEASE\HACKMASTER3.WELCOME_SCREEN.RESOURCES
C:\Users\Daeleth\C++ workspace\Hackmaster 3\Hackmaster 3\Release\link.command.1.tlog
C:\Users\Daeleth\C++ workspace\Hackmaster 3\Hackmaster 3\Release\link.read.1.tlog
C:\Users\Daeleth\C++ workspace\Hackmaster 3\Hackmaster 3\Release\link.write.1.tlog
C:\Users\Daeleth\C++ workspace\Hackmaster 3\Hackmaster 3\Release\link-cvtres.read.1.tlog
C:\Users\Daeleth\C++ workspace\Hackmaster 3\Hackmaster 3\Release\link-cvtres.write.1.tlog
C:\Users\Daeleth\C++ workspace\Hackmaster 3\Hackmaster 3\Release\mt.command.1.tlog
C:\Users\Daeleth\C++ workspace\Hackmaster 3\Hackmaster 3\Release\mt.read.1.tlog
C:\Users\Daeleth\C++ workspace\Hackmaster 3\Hackmaster 3\Release\mt.write.1.tlog
C:\USERS\DAELETH\C++ WORKSPACE\HACKMASTER 3\HACKMASTER 3\RELEASE\RACE_SELECTION.OBJ
C:\Users\Daeleth\C++ workspace\Hackmaster 3\Hackmaster 3\Release\rc.command.1.tlog
C:\Users\Daeleth\C++ workspace\Hackmaster 3\Hackmaster 3\Release\rc.read.1.tlog
C:\Users\Daeleth\C++ workspace\Hackmaster 3\Hackmaster 3\Release\rc.write.1.tlog
C:\Users\Daeleth\C++ workspace\Hackmaster 3\Hackmaster 3\Release\ResolveAssemblyReference.cache
C:\USERS\DAELETH\C++ WORKSPACE\HACKMASTER 3\HACKMASTER 3\RELEASE\STDAFX.OBJ
C:\USERS\DAELETH\C++ WORKSPACE\HACKMASTER 3\HACKMASTER 3\RELEASE\VC100.PDB
C:\USERS\DAELETH\C++ WORKSPACE\HACKMASTER 3\HACKMASTER 3\RELEASE\WELCOME_SCREEN.OBJ
C:\USERS\DAELETH\C++ WORKSPACE\HACKMASTER 3\RELEASE\HACKMASTER 3.EXE
C:\USERS\DAELETH\C++ WORKSPACE\HACKMASTER 3\RELEASE\HACKMASTER 3.PDB
